2018-06-27 23:20:59,472 INFO 5052 [egg:logger] init all loggers with options: {"dir":"/Users/xuan/Desktop/webhook/logs/example","encoding":"utf8","env":"local","level":"INFO","consoleLevel":"INFO","disableConsoleAfterReady":false,"outputJSON":false,"buffer":true,"appLogName":"example-web.log","coreLogName":"egg-web.log","agentLogName":"egg-agent.log","errorLogName":"common-error.log","coreLogger":{"consoleLevel":"WARN"},"allowDebugAtProd":false,"type":"application"}
2018-06-27 23:20:59,507 INFO 5052 [egg-schedule]: register schedule /Users/xuan/Desktop/webhook/node_modules/egg-logrotator/app/schedule/clean_log.js
2018-06-27 23:20:59,507 INFO 5052 [egg-schedule]: register schedule /Users/xuan/Desktop/webhook/node_modules/egg-logrotator/app/schedule/rotate_by_file.js
2018-06-27 23:20:59,542 INFO 5052 [egg-static] starting static serve /public/ -> /Users/xuan/Desktop/webhook/app/public
2018-06-27 23:20:59,543 INFO 5052 [egg-security] use csrf middleware
2018-06-27 23:20:59,544 INFO 5052 [egg-security] use methodnoallow middleware
2018-06-27 23:20:59,544 INFO 5052 [egg-security] use noopen middleware
2018-06-27 23:20:59,545 INFO 5052 [egg-security] use nosniff middleware
2018-06-27 23:20:59,545 INFO 5052 [egg-security] use xssProtection middleware
2018-06-27 23:20:59,545 INFO 5052 [egg-security] use xframe middleware
2018-06-27 23:20:59,546 INFO 5052 [egg-security] use dta middleware
2018-06-27 23:20:59,546 INFO 5052 [egg-security] compose 7 middlewares into one security middleware
2018-06-27 23:20:59,560 INFO 5052 [egg:core] dump config after load, 5ms
2018-06-27 23:20:59,581 INFO 5052 [egg-watcher:app] watcher start success
2018-06-27 23:20:59,585 INFO 5052 [egg:core] dump config after ready, 3ms
2018-06-27 23:21:11,205 INFO 5056 [egg:logger] init all loggers with options: {"dir":"/Users/xuan/Desktop/webhook/logs/example","encoding":"utf8","env":"local","level":"INFO","consoleLevel":"INFO","disableConsoleAfterReady":false,"outputJSON":false,"buffer":true,"appLogName":"example-web.log","coreLogName":"egg-web.log","agentLogName":"egg-agent.log","errorLogName":"common-error.log","coreLogger":{"consoleLevel":"WARN"},"allowDebugAtProd":false,"type":"application"}
2018-06-27 23:21:11,248 INFO 5056 [egg-schedule]: register schedule /Users/xuan/Desktop/webhook/node_modules/egg-logrotator/app/schedule/clean_log.js
2018-06-27 23:21:11,248 INFO 5056 [egg-schedule]: register schedule /Users/xuan/Desktop/webhook/node_modules/egg-logrotator/app/schedule/rotate_by_file.js
2018-06-27 23:21:11,285 INFO 5056 [egg-static] starting static serve /public/ -> /Users/xuan/Desktop/webhook/app/public
2018-06-27 23:21:11,288 INFO 5056 [egg-security] use csrf middleware
2018-06-27 23:21:11,288 INFO 5056 [egg-security] use methodnoallow middleware
2018-06-27 23:21:11,289 INFO 5056 [egg-security] use noopen middleware
2018-06-27 23:21:11,289 INFO 5056 [egg-security] use nosniff middleware
2018-06-27 23:21:11,289 INFO 5056 [egg-security] use xssProtection middleware
2018-06-27 23:21:11,289 INFO 5056 [egg-security] use xframe middleware
2018-06-27 23:21:11,290 INFO 5056 [egg-security] use dta middleware
2018-06-27 23:21:11,290 INFO 5056 [egg-security] compose 7 middlewares into one security middleware
2018-06-27 23:21:11,299 INFO 5056 [egg:core] dump config after load, 5ms
2018-06-27 23:21:11,316 INFO 5056 [egg-watcher:app] watcher start success
2018-06-27 23:21:11,322 INFO 5056 [egg:core] dump config after ready, 4ms
2018-06-27 23:21:30,664 INFO 5062 [egg:logger] init all loggers with options: {"dir":"/Users/xuan/Desktop/webhook/logs/example","encoding":"utf8","env":"local","level":"INFO","consoleLevel":"INFO","disableConsoleAfterReady":false,"outputJSON":false,"buffer":true,"appLogName":"example-web.log","coreLogName":"egg-web.log","agentLogName":"egg-agent.log","errorLogName":"common-error.log","coreLogger":{"consoleLevel":"WARN"},"allowDebugAtProd":false,"type":"application"}
2018-06-27 23:21:30,707 INFO 5062 [egg-schedule]: register schedule /Users/xuan/Desktop/webhook/node_modules/egg-logrotator/app/schedule/clean_log.js
2018-06-27 23:21:30,707 INFO 5062 [egg-schedule]: register schedule /Users/xuan/Desktop/webhook/node_modules/egg-logrotator/app/schedule/rotate_by_file.js
2018-06-27 23:21:30,742 INFO 5062 [egg-static] starting static serve /public/ -> /Users/xuan/Desktop/webhook/app/public
2018-06-27 23:21:30,744 INFO 5062 [egg-security] use csrf middleware
2018-06-27 23:21:30,745 INFO 5062 [egg-security] use methodnoallow middleware
2018-06-27 23:21:30,745 INFO 5062 [egg-security] use noopen middleware
2018-06-27 23:21:30,745 INFO 5062 [egg-security] use nosniff middleware
2018-06-27 23:21:30,745 INFO 5062 [egg-security] use xssProtection middleware
2018-06-27 23:21:30,746 INFO 5062 [egg-security] use xframe middleware
2018-06-27 23:21:30,746 INFO 5062 [egg-security] use dta middleware
2018-06-27 23:21:30,746 INFO 5062 [egg-security] compose 7 middlewares into one security middleware
2018-06-27 23:21:30,753 INFO 5062 [egg:core] dump config after load, 4ms
2018-06-27 23:21:30,770 INFO 5062 [egg-watcher:app] watcher start success
2018-06-27 23:21:30,776 INFO 5062 [egg:core] dump config after ready, 5ms
2018-06-27 23:21:49,142 INFO 5067 [egg:logger] init all loggers with options: {"dir":"/Users/xuan/Desktop/webhook/logs/example","encoding":"utf8","env":"local","level":"INFO","consoleLevel":"INFO","disableConsoleAfterReady":false,"outputJSON":false,"buffer":true,"appLogName":"example-web.log","coreLogName":"egg-web.log","agentLogName":"egg-agent.log","errorLogName":"common-error.log","coreLogger":{"consoleLevel":"WARN"},"allowDebugAtProd":false,"type":"application"}
2018-06-27 23:21:49,183 INFO 5067 [egg-schedule]: register schedule /Users/xuan/Desktop/webhook/node_modules/egg-logrotator/app/schedule/clean_log.js
2018-06-27 23:21:49,183 INFO 5067 [egg-schedule]: register schedule /Users/xuan/Desktop/webhook/node_modules/egg-logrotator/app/schedule/rotate_by_file.js
2018-06-27 23:21:49,214 INFO 5067 [egg-static] starting static serve /public/ -> /Users/xuan/Desktop/webhook/app/public
2018-06-27 23:21:49,216 INFO 5067 [egg-security] use csrf middleware
2018-06-27 23:21:49,217 INFO 5067 [egg-security] use methodnoallow middleware
2018-06-27 23:21:49,218 INFO 5067 [egg-security] use noopen middleware
2018-06-27 23:21:49,218 INFO 5067 [egg-security] use nosniff middleware
2018-06-27 23:21:49,218 INFO 5067 [egg-security] use xssProtection middleware
2018-06-27 23:21:49,219 INFO 5067 [egg-security] use xframe middleware
2018-06-27 23:21:49,219 INFO 5067 [egg-security] use dta middleware
2018-06-27 23:21:49,219 INFO 5067 [egg-security] compose 7 middlewares into one security middleware
2018-06-27 23:21:49,229 INFO 5067 [egg:core] dump config after load, 5ms
2018-06-27 23:21:49,242 INFO 5067 [egg-watcher:app] watcher start success
2018-06-27 23:21:49,246 INFO 5067 [egg:core] dump config after ready, 2ms
2018-06-27 23:21:59,926 INFO 5069 [egg:logger] init all loggers with options: {"dir":"/Users/xuan/Desktop/webhook/logs/example","encoding":"utf8","env":"local","level":"INFO","consoleLevel":"INFO","disableConsoleAfterReady":false,"outputJSON":false,"buffer":true,"appLogName":"example-web.log","coreLogName":"egg-web.log","agentLogName":"egg-agent.log","errorLogName":"common-error.log","coreLogger":{"consoleLevel":"WARN"},"allowDebugAtProd":false,"type":"application"}
2018-06-27 23:21:59,982 INFO 5069 [egg-schedule]: register schedule /Users/xuan/Desktop/webhook/node_modules/egg-logrotator/app/schedule/clean_log.js
2018-06-27 23:21:59,982 INFO 5069 [egg-schedule]: register schedule /Users/xuan/Desktop/webhook/node_modules/egg-logrotator/app/schedule/rotate_by_file.js
2018-06-27 23:22:00,012 INFO 5069 [egg-static] starting static serve /public/ -> /Users/xuan/Desktop/webhook/app/public
2018-06-27 23:22:00,016 INFO 5069 [egg-security] use csrf middleware
2018-06-27 23:22:00,017 INFO 5069 [egg-security] use methodnoallow middleware
2018-06-27 23:22:00,017 INFO 5069 [egg-security] use noopen middleware
2018-06-27 23:22:00,017 INFO 5069 [egg-security] use nosniff middleware
2018-06-27 23:22:00,018 INFO 5069 [egg-security] use xssProtection middleware
2018-06-27 23:22:00,018 INFO 5069 [egg-security] use xframe middleware
2018-06-27 23:22:00,018 INFO 5069 [egg-security] use dta middleware
2018-06-27 23:22:00,018 INFO 5069 [egg-security] compose 7 middlewares into one security middleware
2018-06-27 23:22:00,029 INFO 5069 [egg:core] dump config after load, 5ms
2018-06-27 23:22:00,041 INFO 5069 [egg-watcher:app] watcher start success
2018-06-27 23:22:00,045 INFO 5069 [egg:core] dump config after ready, 2ms
2018-06-27 23:22:03,630 INFO 5071 [egg:logger] init all loggers with options: {"dir":"/Users/xuan/Desktop/webhook/logs/example","encoding":"utf8","env":"local","level":"INFO","consoleLevel":"INFO","disableConsoleAfterReady":false,"outputJSON":false,"buffer":true,"appLogName":"example-web.log","coreLogName":"egg-web.log","agentLogName":"egg-agent.log","errorLogName":"common-error.log","coreLogger":{"consoleLevel":"WARN"},"allowDebugAtProd":false,"type":"application"}
2018-06-27 23:22:03,666 INFO 5071 [egg-schedule]: register schedule /Users/xuan/Desktop/webhook/node_modules/egg-logrotator/app/schedule/clean_log.js
2018-06-27 23:22:03,666 INFO 5071 [egg-schedule]: register schedule /Users/xuan/Desktop/webhook/node_modules/egg-logrotator/app/schedule/rotate_by_file.js
2018-06-27 23:22:03,699 INFO 5071 [egg-static] starting static serve /public/ -> /Users/xuan/Desktop/webhook/app/public
2018-06-27 23:22:03,701 INFO 5071 [egg-security] use csrf middleware
2018-06-27 23:22:03,702 INFO 5071 [egg-security] use methodnoallow middleware
2018-06-27 23:22:03,702 INFO 5071 [egg-security] use noopen middleware
2018-06-27 23:22:03,702 INFO 5071 [egg-security] use nosniff middleware
2018-06-27 23:22:03,703 INFO 5071 [egg-security] use xssProtection middleware
2018-06-27 23:22:03,703 INFO 5071 [egg-security] use xframe middleware
2018-06-27 23:22:03,703 INFO 5071 [egg-security] use dta middleware
2018-06-27 23:22:03,703 INFO 5071 [egg-security] compose 7 middlewares into one security middleware
2018-06-27 23:22:03,712 INFO 5071 [egg:core] dump config after load, 5ms
2018-06-27 23:22:03,730 INFO 5071 [egg-watcher:app] watcher start success
2018-06-27 23:22:03,734 INFO 5071 [egg:core] dump config after ready, 3ms
2018-06-27 23:22:15,731 INFO 5075 [egg:logger] init all loggers with options: {"dir":"/Users/xuan/Desktop/webhook/logs/example","encoding":"utf8","env":"local","level":"INFO","consoleLevel":"INFO","disableConsoleAfterReady":false,"outputJSON":false,"buffer":true,"appLogName":"example-web.log","coreLogName":"egg-web.log","agentLogName":"egg-agent.log","errorLogName":"common-error.log","coreLogger":{"consoleLevel":"WARN"},"allowDebugAtProd":false,"type":"application"}
2018-06-27 23:22:15,771 INFO 5075 [egg-schedule]: register schedule /Users/xuan/Desktop/webhook/node_modules/egg-logrotator/app/schedule/clean_log.js
2018-06-27 23:22:15,771 INFO 5075 [egg-schedule]: register schedule /Users/xuan/Desktop/webhook/node_modules/egg-logrotator/app/schedule/rotate_by_file.js
2018-06-27 23:22:15,802 INFO 5075 [egg-static] starting static serve /public/ -> /Users/xuan/Desktop/webhook/app/public
2018-06-27 23:22:15,804 INFO 5075 [egg-security] use csrf middleware
2018-06-27 23:22:15,805 INFO 5075 [egg-security] use methodnoallow middleware
2018-06-27 23:22:15,805 INFO 5075 [egg-security] use noopen middleware
2018-06-27 23:22:15,805 INFO 5075 [egg-security] use nosniff middleware
2018-06-27 23:22:15,805 INFO 5075 [egg-security] use xssProtection middleware
2018-06-27 23:22:15,806 INFO 5075 [egg-security] use xframe middleware
2018-06-27 23:22:15,806 INFO 5075 [egg-security] use dta middleware
2018-06-27 23:22:15,806 INFO 5075 [egg-security] compose 7 middlewares into one security middleware
2018-06-27 23:22:15,816 INFO 5075 [egg:core] dump config after load, 7ms
2018-06-27 23:22:15,832 INFO 5075 [egg-watcher:app] watcher start success
2018-06-27 23:22:15,836 INFO 5075 [egg:core] dump config after ready, 3ms
